0 info it worked if it ends with ok
1 verbose cli [ '/usr/local/Cellar/node/5.10.0/bin/node',
1 verbose cli   '/Users/batnu/.npm-packages/bin/npm',
1 verbose cli   'run',
1 verbose cli   's' ]
2 info using npm@3.8.5
3 info using node@v5.10.0
4 verbose run-script [ 'pres', 's', 'posts' ]
5 info lifecycle mwts-server@0.0.1~pres: mwts-server@0.0.1
6 silly lifecycle mwts-server@0.0.1~pres: no script for pres, continuing
7 info lifecycle mwts-server@0.0.1~s: mwts-server@0.0.1
8 verbose lifecycle mwts-server@0.0.1~s: unsafe-perm in lifecycle true
9 verbose lifecycle mwts-server@0.0.1~s: PATH: /Users/batnu/.npm-packages/lib/node_modules/npm/bin/node-gyp-bin:/Users/batnu/Documents/Personal Projects/MWTS/mwts-server/node_modules/.bin:/usr/local/Cellar/node/5.10.0/bin:/Users/batnu/.rbenv/shims:/Users/batnu/.rbenv/shims:/Users/batnu/.npm-packages/bin:/Users/batnu/go/bin:/usr/local/bin:/usr/bin:/bin:/usr/sbin:/sbin:/usr/local/go/bin
10 verbose lifecycle mwts-server@0.0.1~s: CWD: /Users/batnu/Documents/Personal Projects/MWTS/mwts-server
11 silly lifecycle mwts-server@0.0.1~s: Args: [ '-c', 'node server.js' ]
12 silly lifecycle mwts-server@0.0.1~s: Returned: code: 1  signal: null
13 info lifecycle mwts-server@0.0.1~s: Failed to exec s script
14 verbose stack Error: mwts-server@0.0.1 s: `node server.js`
14 verbose stack Exit status 1
14 verbose stack     at EventEmitter.<anonymous> (/Users/batnu/.npm-packages/lib/node_modules/npm/lib/utils/lifecycle.js:239:16)
14 verbose stack     at emitTwo (events.js:100:13)
14 verbose stack     at EventEmitter.emit (events.js:185:7)
14 verbose stack     at ChildProcess.<anonymous> (/Users/batnu/.npm-packages/lib/node_modules/npm/lib/utils/spawn.js:24:14)
14 verbose stack     at emitTwo (events.js:100:13)
14 verbose stack     at ChildProcess.emit (events.js:185:7)
14 verbose stack     at maybeClose (internal/child_process.js:850:16)
14 verbose stack     at Process.ChildProcess._handle.onexit (internal/child_process.js:215:5)
15 verbose pkgid mwts-server@0.0.1
16 verbose cwd /Users/batnu/Documents/Personal Projects/MWTS/mwts-server
17 error Darwin 15.4.0
18 error argv "/usr/local/Cellar/node/5.10.0/bin/node" "/Users/batnu/.npm-packages/bin/npm" "run" "s"
19 error node v5.10.0
20 error npm  v3.8.5
21 error code ELIFECYCLE
22 error mwts-server@0.0.1 s: `node server.js`
22 error Exit status 1
23 error Failed at the mwts-server@0.0.1 s script 'node server.js'.
23 error Make sure you have the latest version of node.js and npm installed.
23 error If you do, this is most likely a problem with the mwts-server package,
23 error not with npm itself.
23 error Tell the author that this fails on your system:
23 error     node server.js
23 error You can get information on how to open an issue for this project with:
23 error     npm bugs mwts-server
23 error Or if that isn't available, you can get their info via:
23 error     npm owner ls mwts-server
23 error There is likely additional logging output above.
24 verbose exit [ 1, true ]
